<?xml version="1.0" encoding="UTF-8"?>
<!-- Generated by org.testng.reporters.JUnitReportReporter -->
<testsuite hostname="DESKTOP-7L6H08Q" name="runner.TestRunner" tests="10" failures="0" timestamp="10 Dec 2020 10:10:20 GMT" time="400.269" errors="0">
  <testcase name="runScenario" time="66.242" classname="runner.TestRunner"/>
  <testcase name="runScenario" time="31.601" classname="runner.TestRunner"/>
  <testcase name="runScenario" time="34.015" classname="runner.TestRunner"/>
  <testcase name="runScenario" time="28.441" classname="runner.TestRunner"/>
  <testcase name="runScenario" time="42.219" classname="runner.TestRunner"/>
  <testcase name="runScenario" time="31.188" classname="runner.TestRunner"/>
  <testcase name="runScenario" time="30.697" classname="runner.TestRunner"/>
  <testcase name="runScenario" time="30.553" classname="runner.TestRunner"/>
  <testcase name="runScenario" time="61.762" classname="runner.TestRunner"/>
  <testcase name="runScenario" time="43.551" classname="runner.TestRunner"/>
</testsuite> <!-- runner.TestRunner -->
